<?xml version="1.0" encoding="utf-8"?>
<coverage line-rate="1" branch-rate="1" version="1.9" timestamp="1773855483" lines-covered="4" lines-valid="4" branches-covered="0" branches-valid="0">
  <sources>
    <source>G:\</source>
  </sources>
  <packages>
    <package name="TDD_Calculator" line-rate="1" branch-rate="1" complexity="1">
      <classes>
        <class name="TDD_Calculator.Services.CalculatorService" filename="Programe\Learning\TDD-Calculator\TDD_Calculator\Services\CalculatorService.cs" line-rate="1" branch-rate="1" complexity="1">
          <methods>
            <method name="Add" signature="(System.Int32,System.Int32)" line-rate="1" branch-rate="1" complexity="1">
              <lines>
                <line number="6" hits="4" branch="False" />
                <line number="8" hits="4" branch="False" />
                <line number="9" hits="4" branch="False" />
                <line number="11" hits="3" branch="False" />
              </lines>
            </method>
          </methods>
          <lines>
            <line number="6" hits="4" branch="False" />
            <line number="8" hits="4" branch="False" />
            <line number="9" hits="4" branch="False" />
            <line number="11" hits="3" branch="False" />
          </lines>
        </class>
      </classes>
    </package>
  </packages>
</coverage>